Watching for file changes with StatReloader
Waiting for apps ready_event.
Apps ready_event triggered. Sending autoreload_started signal.
Watching dir C:\mypython3\myenv01\Scripts\hello_django\locale with glob **/*.mo.
Watching dir C:\mypython3\myenv01\Scripts\hello_django\myhello\locale with glob **/*.mo.
(0.000) 
            SELECT name, type FROM sqlite_master
            WHERE type in ('table', 'view') AND NOT name='sqlite_sequence'
            ORDER BY name; args=None; alias=default
File C:\Users\User\AppData\Local\Programs\Python\Python314\Lib\email\generator.py first seen with mtime 1770111116.0
File C:\mypython3\myenv01\Lib\site-packages\django\dispatch\dispatcher.py first seen with mtime 1772628519.2922034
File C:\mypython3\myenv01\Lib\site-packages\django\db\backends\base\base.py first seen with mtime 1772628519.193528
File C:\mypython3\myenv01\Lib\site-packages\django\contrib\sessions\models.py first seen with mtime 1772628518.607713
File C:\mypython3\myenv01\Lib\site-packages\django\template\loaders\app_directories.py first seen with mtime 1772628519.4044962
File C:\Users\User\AppData\Local\Programs\Python\Python314\DLLs\_bz2.pyd first seen with mtime 1770111166.0
File C:\Users\User\AppData\Local\Programs\Python\Python314\Lib\re\_compiler.py first seen with mtime 1770111116.0
File C:\Users\User\AppData\Local\Programs\Python\Python314\Lib\_compat_pickle.py first seen with mtime 1770111116.0
File C:\Users\User\AppData\Local\Programs\Python\Python314\Lib\encodings\utf_8.py first seen with mtime 1770111116.0
File C:\mypython3\myenv01\Lib\site-packages\django\db\models\functions\math.py first seen with mtime 1772628519.2828124
File C:\mypython3\myenv01\Lib\site-packages\django\middleware\csrf.py first seen with mtime 1772628519.3748765
File C:\Users\User\AppData\Local\Programs\Python\Python314\Lib\mimetypes.py first seen with mtime 1770111116.0
File C:\mypython3\myenv01\Lib\site-packages\asgiref\sync.py first seen with mtime 1772628515.4149904
File C:\mypython3\myenv01\Lib\site-packages\django\contrib\admin\templatetags\admin_urls.py first seen with mtime 1772628516.5448117
File C:\mypython3\myenv01\Lib\site-packages\django\contrib\admin\exceptions.py first seen with mtime 1772628515.9721546
File C:\Users\User\AppData\Local\Programs\Python\Python314\Lib\getpass.py first seen with mtime 1770111116.0
File C:\mypython3\myenv01\Lib\site-packages\django\core\files\move.py first seen with mtime 1772628519.1415253
File C:\mypython3\myenv01\Lib\site-packages\django\shortcuts.py first seen with mtime 1772628515.6054778
File C:\mypython3\myenv01\Lib\site-packages\sqlparse\formatter.py first seen with mtime 1772628515.031135
File C:\mypython3\myenv01\Lib\site-packages\django\template\engine.py first seen with mtime 1772628519.3934557
File C:\Users\User\AppData\Local\Programs\Python\Python314\DLLs\_sqlite3.pyd first seen with mtime 1770111166.0
File C:\Users\User\AppData\Local\Programs\Python\Python314\Lib\multiprocessing\process.py first seen with mtime 1770111116.0
File C:\mypython3\myenv01\Lib\site-packages\django\core\serializers\json.py first seen with mtime 1772628519.1835485
File C:\mypython3\myenv01\Lib\site-packages\django\forms\__init__.py first seen with mtime 1772628519.293274
File C:\Users\User\AppData\Local\Programs\Python\Python314\DLLs\_hashlib.pyd first seen with mtime 1770111166.0
File C:\mypython3\myenv01\Lib\site-packages\django\db\models\fields\tuple_lookups.py first seen with mtime 1772628519.2777634
File C:\mypython3\myenv01\Lib\site-packages\django\urls\base.py first seen with mtime 1772628519.4195113
File C:\Users\User\AppData\Local\Programs\Python\Python314\Lib\sqlite3\dbapi2.py first seen with mtime 1770111116.0
File C:\mypython3\myenv01\Lib\site-packages\django\db\migrations\utils.py first seen with mtime 1772628519.2393632
File C:\mypython3\myenv01\Lib\site-packages\sqlparse\engine\__init__.py first seen with mtime 1772628515.0354795
File C:\Users\User\AppData\Local\Programs\Python\Python314\Lib\calendar.py first seen with mtime 1770111116.0
File C:\mypython3\myenv01\Lib\site-packages\django\conf\global_settings.py first seen with mtime 1772628515.6095145
File C:\mypython3\myenv01\Lib\site-packages\django\db\models\options.py first seen with mtime 1772628519.25754
File C:\Users\User\AppData\Local\Programs\Python\Python314\Lib\asyncio\tasks.py first seen with mtime 1770111116.0
File C:\Users\User\AppData\Local\Programs\Python\Python314\DLLs\unicodedata.pyd first seen with mtime 1770111166.0
File C:\mypython3\myenv01\Lib\site-packages\django\db\models\sql\__init__.py first seen with mtime 1772628519.2858117
File C:\Users\User\AppData\Local\Programs\Python\Python314\Lib\ctypes\wintypes.py first seen with mtime 1770111116.0
File C:\mypython3\myenv01\Lib\site-packages\django\db\backends\sqlite3\schema.py first seen with mtime 1772628519.2306597
File C:\Users\User\AppData\Local\Programs\Python\Python314\Lib\contextvars.py first seen with mtime 1770111116.0
File C:\mypython3\myenv01\Lib\site-packages\django\core\handlers\base.py first seen with mtime 1772628519.1513264
File C:\mypython3\myenv01\Lib\site-packages\django\db\models\functions\text.py first seen with mtime 1772628519.2838118
File C:\Users\User\AppData\Local\Programs\Python\Python314\Lib\email\message.py first seen with mtime 1770111116.0
File C:\mypython3\myenv01\Lib\site-packages\django\forms\forms.py first seen with mtime 1772628519.295283
File C:\mypython3\myenv01\Lib\site-packages\django\core\cache\backends\__init__.py first seen with mtime 1772628519.120345
File C:\mypython3\myenv01\Lib\site-packages\django\core\management\color.py first seen with mtime 1772628519.1615915
File C:\Users\User\AppData\Local\Programs\Python\Python314\Lib\email\parser.py first seen with mtime 1770111116.0
File C:\Users\User\AppData\Local\Programs\Python\Python314\Lib\pathlib\_os.py first seen with mtime 1770111116.0
File C:\mypython3\myenv01\Lib\site-packages\django\db\backends\sqlite3\__init__.py first seen with mtime 1772628519.2245088
File C:\Users\User\AppData\Local\Programs\Python\Python314\Lib\argparse.py first seen with mtime 1770111116.0
File C:\mypython3\myenv01\Lib\site-packages\sqlparse\tokens.py first seen with mtime 1772628515.0341208
File C:\mypython3\myenv01\Lib\site-packages\django\core\files\storage\memory.py first seen with mtime 1772628519.1475928
File C:\mypython3\myenv01\Lib\site-packages\sqlparse\sql.py first seen with mtime 1772628515.0331235
File C:\mypython3\myenv01\Lib\site-packages\django\contrib\contenttypes\forms.py first seen with mtime 1772628517.0890656
File C:\mypython3\myenv01\Lib\site-packages\django\core\management\commands\runserver.py first seen with mtime 1772628519.1745012
File C:\mypython3\myenv01\Lib\site-packages\django\utils\http.py first seen with mtime 1772628519.443837
File C:\mypython3\myenv01\Lib\site-packages\django\utils\numberformat.py first seen with mtime 1772628519.4488518
File C:\mypython3\myenv01\Lib\site-packages\django\views\decorators\common.py first seen with mtime 1772628519.4662862
File C:\mypython3\myenv01\Lib\site-packages\django\contrib\auth\forms.py first seen with mtime 1772628516.805549
File C:\Users\User\AppData\Local\Programs\Python\Python314\DLLs\_zoneinfo.pyd first seen with mtime 1770111164.0
File C:\mypython3\myenv01\Lib\site-packages\django\db\migrations\operations\special.py first seen with mtime 1772628519.2443726
File C:\mypython3\myenv01\Lib\site-packages\django\views\generic\base.py first seen with mtime 1772628519.4731805
File C:\mypython3\myenv01\Lib\site-packages\django\db\models\expressions.py first seen with mtime 1772628519.253555
File C:\mypython3\myenv01\Lib\site-packages\django\core\files\uploadedfile.py first seen with mtime 1772628519.142552
File C:\Users\User\AppData\Local\Programs\Python\Python314\Lib\graphlib.py first seen with mtime 1770111116.0
File C:\mypython3\myenv01\Lib\site-packages\django\views\decorators\csp.py first seen with mtime 1772628519.4677954
File C:\Users\User\AppData\Local\Programs\Python\Python314\Lib\ipaddress.py first seen with mtime 1770111116.0
File C:\Users\User\AppData\Local\Programs\Python\Python314\Lib\ctypes\__init__.py first seen with mtime 1770111116.0
File C:\mypython3\myenv01\Lib\site-packages\django\template\library.py first seen with mtime 1772628519.394453
File C:\mypython3\myenv01\Lib\site-packages\django\urls\__init__.py first seen with mtime 1772628519.4195113
File C:\mypython3\myenv01\Lib\site-packages\django\db\models\enums.py first seen with mtime 1772628519.252558
File C:\Users\User\AppData\Local\Programs\Python\Python314\Lib\inspect.py first seen with mtime 1770111116.0
File C:\mypython3\myenv01\Lib\site-packages\django\db\models\fields\__init__.py first seen with mtime 1772628519.262614
File C:\mypython3\myenv01\Lib\site-packages\django\utils\cache.py first seen with mtime 1772628519.4294233
File C:\mypython3\myenv01\Lib\site-packages\django\utils\connection.py first seen with mtime 1772628519.4308097
File C:\Users\User\AppData\Local\Programs\Python\Python314\Lib\asyncio\mixins.py first seen with mtime 1770111116.0
File C:\mypython3\myenv01\Lib\site-packages\asgiref\__init__.py first seen with mtime 1772628515.4109802
File C:\mypython3\myenv01\Lib\site-packages\django\db\backends\sqlite3\_functions.py first seen with mtime 1772628519.225509
File C:\Users\User\AppData\Local\Programs\Python\Python314\Lib\encodings\__init__.py first seen with mtime 1770111116.0
File C:\mypython3\myenv01\Lib\site-packages\django\core\signing.py first seen with mtime 1772628519.1153696
File C:\mypython3\myenv01\Lib\site-packages\django\contrib\auth\models.py first seen with mtime 1772628516.810594
File C:\Users\User\AppData\Local\Programs\Python\Python314\Lib\re\_casefix.py first seen with mtime 1770111116.0
File C:\mypython3\myenv01\Lib\site-packages\django\core\files\storage\base.py first seen with mtime 1772628519.1460834
File C:\Users\User\AppData\Local\Programs\Python\Python314\Lib\json\scanner.py first seen with mtime 1770111116.0
File C:\Users\User\AppData\Local\Programs\Python\Python314\Lib\shutil.py first seen with mtime 1770111116.0
File C:\Users\User\AppData\Local\Programs\Python\Python314\Lib\gettext.py first seen with mtime 1770111116.0
File C:\Users\User\AppData\Local\Programs\Python\Python314\Lib\pprint.py first seen with mtime 1770111116.0
File C:\mypython3\myenv01\Lib\site-packages\django\core\__init__.py first seen with mtime 1772628519.1123705
File C:\mypython3\myenv01\Lib\site-packages\django\db\backends\base\schema.py first seen with mtime 1772628519.1985407
File C:\mypython3\myenv01\Lib\site-packages\django\db\backends\base\operations.py first seen with mtime 1772628519.198034
File C:\mypython3\myenv01\Lib\site-packages\sqlparse\engine\filter_stack.py first seen with mtime 1772628515.036489
File C:\mypython3\myenv01\Lib\site-packages\django\db\migrations\questioner.py first seen with mtime 1772628519.2363348
File C:\Users\User\AppData\Local\Programs\Python\Python314\Lib\email\__init__.py first seen with mtime 1770111116.0
File C:\Users\User\AppData\Local\Programs\Python\Python314\Lib\asyncio\log.py first seen with mtime 1770111116.0
File C:\Users\User\AppData\Local\Programs\Python\Python314\Lib\asyncio\streams.py first seen with mtime 1770111116.0
File C:\Users\User\AppData\Local\Programs\Python\Python314\DLLs\_decimal.pyd first seen with mtime 1770111166.0
File C:\Users\User\AppData\Local\Programs\Python\Python314\Lib\asyncio\base_futures.py first seen with mtime 1770111116.0
File C:\Users\User\AppData\Local\Programs\Python\Python314\DLLs\_queue.pyd first seen with mtime 1770111164.0
File C:\mypython3\myenv01\Lib\site-packages\django\contrib\contenttypes\apps.py first seen with mtime 1772628517.0860455
File C:\mypython3\myenv01\Lib\site-packages\django\core\files\__init__.py first seen with mtime 1772628519.1389782
File C:\mypython3\myenv01\Lib\site-packages\django\db\migrations\loader.py first seen with mtime 1772628519.2343347
File C:\mypython3\myenv01\Lib\site-packages\django\db\models\functions\comparison.py first seen with mtime 1772628519.2798128
File C:\mypython3\myenv01\Lib\site-packages\django\contrib\messages\utils.py first seen with mtime 1772628518.179516
File C:\Users\User\AppData\Local\Programs\Python\Python314\Lib\typing.py first seen with mtime 1770111116.0
File C:\mypython3\myenv01\Lib\site-packages\django\core\exceptions.py first seen with mtime 1772628519.1133697
File C:\Users\User\AppData\Local\Programs\Python\Python314\Lib\bisect.py first seen with mtime 1770111116.0
File C:\Users\User\AppData\Local\Programs\Python\Python314\Lib\enum.py first seen with mtime 1770111116.0
File C:\mypython3\myenv01\Lib\site-packages\sqlparse\filters\others.py first seen with mtime 1772628515.040533
File C:\mypython3\myenv01\Lib\site-packages\django\contrib\staticfiles\handlers.py first seen with mtime 1772628519.1025388
File C:\mypython3\myenv01\Lib\site-packages\django\template\defaulttags.py first seen with mtime 1772628519.3924515
File C:\mypython3\myenv01\Lib\site-packages\django\utils\autoreload.py first seen with mtime 1772628519.4265113
File C:\Users\User\AppData\Local\Programs\Python\Python314\Lib\email\_policybase.py first seen with mtime 1770111116.0
File C:\Users\User\AppData\Local\Programs\Python\Python314\Lib\string\__init__.py first seen with mtime 1770111116.0
File C:\Users\User\AppData\Local\Programs\Python\Python314\Lib\http\client.py first seen with mtime 1770111116.0
File C:\Users\User\AppData\Local\Programs\Python\Python314\Lib\hashlib.py first seen with mtime 1770111116.0
File C:\mypython3\myenv01\Lib\site-packages\django\contrib\contenttypes\views.py first seen with mtime 1772628517.0911963
File C:\mypython3\myenv01\Lib\site-packages\django\core\validators.py first seen with mtime 1772628519.1163752
File C:\mypython3\myenv01\Lib\site-packages\django\utils\choices.py first seen with mtime 1772628519.4298131
File C:\mypython3\myenv01\Lib\site-packages\django\core\checks\translation.py first seen with mtime 1772628519.1323893
File C:\mypython3\myenv01\Lib\site-packages\django\forms\widgets.py first seen with mtime 1772628519.298801
File C:\mypython3\myenv01\Lib\site-packages\django\templatetags\__init__.py first seen with mtime 1772628519.40797
File C:\Users\User\AppData\Local\Programs\Python\Python314\Lib\quopri.py first seen with mtime 1770111116.0
File C:\Users\User\AppData\Local\Programs\Python\Python314\Lib\compression\__init__.py first seen with mtime 1770111116.0
File C:\Users\User\AppData\Local\Programs\Python\Python314\Lib\email\_header_value_parser.py first seen with mtime 1770111116.0
File C:\Users\User\AppData\Local\Programs\Python\Python314\Lib\http\server.py first seen with mtime 1770111116.0
File C:\mypython3\myenv01\Lib\site-packages\django\contrib\staticfiles\__init__.py first seen with mtime 1772628519.099065
File C:\Users\User\AppData\Local\Programs\Python\Python314\Lib\html\entities.py first seen with mtime 1770111116.0
File C:\Users\User\AppData\Local\Programs\Python\Python314\Lib\threading.py first seen with mtime 1770111116.0
File C:\Users\User\AppData\Local\Programs\Python\Python314\Lib\concurrent\futures\_base.py first seen with mtime 1770111116.0
File C:\Users\User\AppData\Local\Programs\Python\Python314\DLLs\_uuid.pyd first seen with mtime 1770111164.0
File C:\Users\User\AppData\Local\Programs\Python\Python314\Lib\glob.py first seen with mtime 1770111116.0
File C:\mypython3\myenv01\Lib\site-packages\django\core\mail\utils.py first seen with mtime 1772628519.1545472
File C:\mypython3\myenv01\Lib\site-packages\django\contrib\auth\templatetags\auth.py first seen with mtime 1772628517.0850463
File C:\Users\User\AppData\Local\Programs\Python\Python314\Lib\subprocess.py first seen with mtime 1770111116.0
File C:\mypython3\myenv01\Lib\site-packages\django\db\migrations\__init__.py first seen with mtime 1772628519.2313256
File C:\Users\User\AppData\Local\Programs\Python\Python314\Lib\asyncio\graph.py first seen with mtime 1770111116.0
File C:\mypython3\myenv01\Lib\site-packages\django\db\models\functions\datetime.py first seen with mtime 1772628519.2808127
File C:\mypython3\myenv01\Lib\site-packages\django\core\signals.py first seen with mtime 1772628519.1143708
File C:\Users\User\AppData\Local\Programs\Python\Python314\Lib\random.py first seen with mtime 1770111116.0
File C:\mypython3\myenv01\Lib\site-packages\django\db\migrations\optimizer.py first seen with mtime 1772628519.2363348
File C:\mypython3\myenv01\Lib\site-packages\django\db\models\fields\related.py first seen with mtime 1772628519.2742548
File C:\Users\User\AppData\Local\Programs\Python\Python314\Lib\email\charset.py first seen with mtime 1770111116.0
File C:\Users\User\AppData\Local\Programs\Python\Python314\Lib\ctypes\_endian.py first seen with mtime 1770111116.0
File C:\mypython3\myenv01\Lib\site-packages\django\core\checks\__init__.py first seen with mtime 1772628519.1253488
File C:\mypython3\myenv01\Lib\site-packages\django\template\context.py first seen with mtime 1772628519.389452
File C:\mypython3\myenv01\Lib\site-packages\django\utils\datastructures.py first seen with mtime 1772628519.4338129
File C:\mypython3\myenv01\Lib\site-packages\django\db\models\aggregates.py first seen with mtime 1772628519.2484484
File C:\mypython3\myenv01\Lib\site-packages\django\db\models\functions\__init__.py first seen with mtime 1772628519.27877
File C:\mypython3\myenv01\Lib\site-packages\django\templatetags\static.py first seen with mtime 1772628519.4105027
File C:\mypython3\myenv01\Lib\site-packages\django\core\cache\__init__.py first seen with mtime 1772628519.1189718
File C:\mypython3\myenv01\Lib\site-packages\django\contrib\admin\views\autocomplete.py first seen with mtime 1772628516.5478518
File C:\mypython3\myenv01\Lib\site-packages\django\views\debug.py first seen with mtime 1772628519.4621623
File C:\mypython3\myenv01\Lib\site-packages\django\db\models\fields\mixins.py first seen with mtime 1772628519.2732546
File C:\Users\User\AppData\Local\Programs\Python\Python314\DLLs\_socket.pyd first seen with mtime 1770111164.0
File C:\mypython3\myenv01\Lib\site-packages\django\utils\termcolors.py first seen with mtime 1772628519.4509118
File C:\Users\User\AppData\Local\Programs\Python\Python314\Lib\struct.py first seen with mtime 1770111116.0
File C:\mypython3\myenv01\Lib\site-packages\django\core\files\base.py first seen with mtime 1772628519.13949
File C:\Users\User\AppData\Local\Programs\Python\Python314\Lib\asyncio\sslproto.py first seen with mtime 1770111116.0
File C:\mypython3\myenv01\Lib\site-packages\django\contrib\staticfiles\utils.py first seen with mtime 1772628519.105536
File C:\mypython3\myenv01\Lib\site-packages\django\db\models\fields\related_lookups.py first seen with mtime 1772628519.2762587
File C:\mypython3\myenv01\Lib\site-packages\django\urls\converters.py first seen with mtime 1772628519.4215124
File C:\mypython3\myenv01\Lib\site-packages\django\utils\functional.py first seen with mtime 1772628519.4408357
File C:\Users\User\AppData\Local\Programs\Python\Python314\Lib\asyncio\windows_events.py first seen with mtime 1770111116.0
File C:\Users\User\AppData\Local\Programs\Python\Python314\Lib\multiprocessing\context.py first seen with mtime 1770111116.0
File C:\mypython3\myenv01\Lib\site-packages\django\db\models\sql\subqueries.py first seen with mtime 1772628519.289559
File C:\mypython3\myenv01\Lib\site-packages\django\contrib\sites\requests.py first seen with mtime 1772628518.8375785
File C:\Users\User\AppData\Local\Programs\Python\Python314\Lib\asyncio\events.py first seen with mtime 1770111116.0
File C:\mypython3\myenv01\Lib\site-packages\django\core\management\utils.py first seen with mtime 1772628519.164593
File C:\mypython3\myenv01\Lib\site-packages\django\core\checks\security\base.py first seen with mtime 1772628519.1363878
File C:\mypython3\myenv01\Lib\site-packages\django\core\checks\security\__init__.py first seen with mtime 1772628519.13539
File C:\mypython3\myenv01\Lib\site-packages\django\core\checks\model_checks.py first seen with mtime 1772628519.129379
File C:\Users\User\AppData\Local\Programs\Python\Python314\DLLs\_lzma.pyd first seen with mtime 1770111166.0
File C:\Users\User\AppData\Local\Programs\Python\Python314\Lib\asyncio\transports.py first seen with mtime 1770111116.0
File C:\Users\User\AppData\Local\Programs\Python\Python314\DLLs\_ctypes.pyd first seen with mtime 1770111166.0
File C:\mypython3\myenv01\Lib\site-packages\django\db\models\signals.py first seen with mtime 1772628519.260617
File C:\mypython3\myenv01\Lib\site-packages\django\utils\encoding.py first seen with mtime 1772628519.4388256
File C:\mypython3\myenv01\Lib\site-packages\django\contrib\admin\decorators.py first seen with mtime 1772628515.9711514
File C:\mypython3\myenv01\Lib\site-packages\django\contrib\auth\signals.py first seen with mtime 1772628516.8135924
File C:\mypython3\myenv01\Lib\site-packages\django\db\migrations\operations\base.py first seen with mtime 1772628519.242373
File C:\mypython3\myenv01\Lib\site-packages\django\core\wsgi.py first seen with mtime 1772628519.1163752
File C:\Users\User\AppData\Local\Programs\Python\Python314\Lib\email\header.py first seen with mtime 1770111116.0
File C:\mypython3\myenv01\Lib\site-packages\django\db\backends\base\creation.py first seen with mtime 1772628519.1955285
File C:\mypython3\myenv01\Lib\site-packages\django\http\multipartparser.py first seen with mtime 1772628519.3698936
File C:\mypython3\myenv01\Lib\site-packages\django\views\decorators\__init__.py first seen with mtime 1772628519.4652774
File C:\mypython3\myenv01\Lib\site-packages\django\contrib\auth\decorators.py first seen with mtime 1772628516.8035467
File C:\mypython3\myenv01\Lib\site-packages\django\contrib\auth\validators.py first seen with mtime 1772628516.8175921
File C:\mypython3\myenv01\Lib\site-packages\django\core\files\images.py first seen with mtime 1772628519.1404893
File C:\Users\User\AppData\Local\Programs\Python\Python314\Lib\ast.py first seen with mtime 1770111116.0
File C:\Users\User\AppData\Local\Programs\Python\Python314\Lib\asyncio\base_events.py first seen with mtime 1770111116.0
File C:\Users\User\AppData\Local\Programs\Python\Python314\Lib\reprlib.py first seen with mtime 1770111116.0
File C:\Users\User\AppData\Local\Programs\Python\Python314\DLLs\select.pyd first seen with mtime 1770111164.0
File C:\mypython3\myenv01\Lib\site-packages\django\template\loader.py first seen with mtime 1772628519.3954535
File C:\Users\User\AppData\Local\Programs\Python\Python314\DLLs\_overlapped.pyd first seen with mtime 1770111164.0
File C:\mypython3\myenv01\Lib\site-packages\django\utils\translation\reloader.py first seen with mtime 1772628519.4561176
File C:\mypython3\myenv01\Lib\site-packages\django\core\paginator.py first seen with mtime 1772628519.1133697
File C:\mypython3\myenv01\Lib\site-packages\django\contrib\auth\management\__init__.py first seen with mtime 1772628517.0685356
File C:\mypython3\myenv01\Lib\site-packages\django\utils\copy.py first seen with mtime 1772628519.43181
File C:\Users\User\AppData\Local\Programs\Python\Python314\Lib\warnings.py first seen with mtime 1770111116.0
File C:\mypython3\myenv01\Lib\site-packages\django\contrib\auth\apps.py first seen with mtime 1772628516.7925258
File C:\mypython3\myenv01\Lib\site-packages\django\db\models\sql\where.py first seen with mtime 1772628519.2905662
File C:\mypython3\myenv01\Lib\site-packages\django\apps\registry.py first seen with mtime 1772628515.608506
File C:\Users\User\AppData\Local\Programs\Python\Python314\Lib\multiprocessing\__init__.py first seen with mtime 1770111116.0
File C:\mypython3\myenv01\Lib\site-packages\django\core\checks\messages.py first seen with mtime 1772628519.129379
File C:\mypython3\myenv01\Lib\site-packages\django\contrib\admin\checks.py first seen with mtime 1772628515.9711514
File C:\mypython3\myenv01\Lib\site-packages\django\utils\duration.py first seen with mtime 1772628519.4383187
File C:\mypython3\myenv01\Lib\site-packages\django\utils\asyncio.py first seen with mtime 1772628519.4265113
File C:\Users\User\AppData\Local\Programs\Python\Python314\Lib\difflib.py first seen with mtime 1770111116.0
File C:\mypython3\myenv01\Lib\site-packages\django\db\models\base.py first seen with mtime 1772628519.2490005
File C:\Users\User\AppData\Local\Programs\Python\Python314\Lib\locale.py first seen with mtime 1770111116.0
File C:\Users\User\AppData\Local\Programs\Python\Python314\Lib\pathlib\__init__.py first seen with mtime 1770111116.0
File C:\Users\User\AppData\Local\Programs\Python\Python314\Lib\decimal.py first seen with mtime 1770111116.0
File C:\mypython3\myenv01\Lib\site-packages\django\contrib\contenttypes\fields.py first seen with mtime 1772628517.0875528
File C:\mypython3\myenv01\Lib\site-packages\django\core\checks\files.py first seen with mtime 1772628519.1278596
File C:\mypython3\myenv01\Lib\site-packages\django\contrib\admin\filters.py first seen with mtime 1772628515.973151
File C:\mypython3\myenv01\Lib\site-packages\django\db\models\query_utils.py first seen with mtime 1772628519.25959
File C:\mypython3\myenv01\Lib\site-packages\django\core\files\storage\mixins.py first seen with mtime 1772628519.1486025
File C:\mypython3\myenv01\Lib\site-packages\django\template\backends\base.py first seen with mtime 1772628519.400496
File C:\Users\User\AppData\Local\Programs\Python\Python314\Lib\email\mime\multipart.py first seen with mtime 1770111116.0
File C:\mypython3\myenv01\Lib\site-packages\django\db\models\functions\mixins.py first seen with mtime 1772628519.2828124
File C:\mypython3\myenv01\Lib\site-packages\django\db\backends\ddl_references.py first seen with mtime 1772628519.1915271
File C:\mypython3\myenv01\Lib\site-packages\django\db\backends\base\client.py first seen with mtime 1772628519.1945276
File C:\Users\User\AppData\Local\Programs\Python\Python314\Lib\bz2.py first seen with mtime 1770111116.0
File C:\Users\User\AppData\Local\Programs\Python\Python314\Lib\gzip.py first seen with mtime 1770111116.0
File C:\mypython3\myenv01\Lib\site-packages\django\core\files\temp.py first seen with mtime 1772628519.1415253
File C:\mypython3\myenv01\Lib\site-packages\django\db\backends\base\introspection.py first seen with mtime 1772628519.1975257
File C:\mypython3\myenv01\Lib\site-packages\django\views\csrf.py first seen with mtime 1772628519.461161
File C:\mypython3\myenv01\Lib\site-packages\django\forms\fields.py first seen with mtime 1772628519.294283
File C:\mypython3\myenv01\Lib\site-packages\sqlparse\filters\tokens.py first seen with mtime 1772628515.0435333
File C:\Users\User\AppData\Local\Programs\Python\Python314\Lib\copyreg.py first seen with mtime 1770111116.0
File C:\Users\User\AppData\Local\Programs\Python\Python314\Lib\asyncio\windows_utils.py first seen with mtime 1770111116.0
File C:\mypython3\myenv01\Lib\site-packages\django\core\mail\message.py first seen with mtime 1772628519.1535394
File C:\mypython3\myenv01\Lib\site-packages\django\utils\hashable.py first seen with mtime 1772628519.4418342
File C:\mypython3\myenv01\Lib\site-packages\django\core\serializers\python.py first seen with mtime 1772628519.1849928
File C:\mypython3\myenv01\Lib\site-packages\django\db\models\fields\composite.py first seen with mtime 1772628519.2702558
File C:\mypython3\myenv01\Lib\site-packages\django\contrib\admin\templatetags\__init__.py first seen with mtime 1772628516.5418031
File C:\mypython3\myenv01\Lib\site-packages\django\utils\text.py first seen with mtime 1772628519.4519227
File C:\mypython3\myenv01\Lib\site-packages\django\template\autoreload.py first seen with mtime 1772628519.3879135
File C:\mypython3\myenv01\Lib\site-packages\django\core\handlers\exception.py first seen with mtime 1772628519.1513264
File C:\mypython3\myenv01\Lib\site-packages\asgiref\local.py first seen with mtime 1772628515.4129815
File C:\mypython3\myenv01\Lib\site-packages\django\utils\tree.py first seen with mtime 1772628519.4539206
File C:\mypython3\myenv01\Lib\site-packages\django\template\__init__.py first seen with mtime 1772628519.3864048
File C:\Users\User\AppData\Local\Programs\Python\Python314\Lib\platform.py first seen with mtime 1770111116.0
File C:\Users\User\AppData\Local\Programs\Python\Python314\Lib\urllib\response.py first seen with mtime 1770111116.0
File C:\mypython3\myenv01\Lib\site-packages\django\views\static.py first seen with mtime 1772628519.4641595
File C:\Users\User\AppData\Local\Programs\Python\Python314\Lib\asyncio\staggered.py first seen with mtime 1770111116.0
File C:\mypython3\myenv01\Lib\site-packages\django\core\checks\compatibility\django_4_0.py first seen with mtime 1772628519.1343875
File C:\mypython3\myenv01\Lib\site-packages\django\conf\urls\__init__.py first seen with mtime 1772628515.9655888
File C:\mypython3\myenv01\Lib\site-packages\django\db\migrations\writer.py first seen with mtime 1772628519.240375
File C:\mypython3\myenv01\Lib\site-packages\django\contrib\contenttypes\models.py first seen with mtime 1772628517.0901864
File C:\mypython3\myenv01\Lib\site-packages\django\templatetags\tz.py first seen with mtime 1772628519.4115007
File C:\mypython3\myenv01\Lib\site-packages\django\contrib\admin\options.py first seen with mtime 1772628515.9761503
File C:\mypython3\myenv01\Lib\site-packages\django\db\utils.py first seen with mtime 1772628519.1905274
File C:\mypython3\myenv01\Lib\site-packages\django\middleware\__init__.py first seen with mtime 1772628519.3723893
File C:\Users\User\AppData\Local\Programs\Python\Python314\Lib\functools.py first seen with mtime 1770111116.0
File C:\Users\User\AppData\Local\Programs\Python\Python314\Lib\compression\zstd\_zstdfile.py first seen with mtime 1770111116.0
File C:\mypython3\myenv01\Lib\site-packages\django\__init__.py first seen with mtime 1772628515.6044986
File C:\Users\User\AppData\Local\Programs\Python\Python314\Lib\ssl.py first seen with mtime 1770111116.0
File C:\Users\User\AppData\Local\Programs\Python\Python314\Lib\secrets.py first seen with mtime 1770111116.0
File C:\mypython3\myenv01\Lib\site-packages\django\contrib\staticfiles\views.py first seen with mtime 1772628519.105536
File C:\Users\User\AppData\Local\Programs\Python\Python314\Lib\_colorize.py first seen with mtime 1770111116.0
File C:\mypython3\myenv01\Scripts\hello_django\myhello\urls.py first seen with mtime 1772633434.485154
File C:\Users\User\AppData\Local\Programs\Python\Python314\Lib\numbers.py first seen with mtime 1770111116.0
File C:\mypython3\myenv01\Lib\site-packages\django\templatetags\cache.py first seen with mtime 1772628519.4084928
File C:\mypython3\myenv01\Lib\site-packages\django\dispatch\__init__.py first seen with mtime 1772628519.2911942
File C:\mypython3\myenv01\Lib\site-packages\django\contrib\sessions\__init__.py first seen with mtime 1772628518.6041937
File C:\mypython3\myenv01\Lib\site-packages\django\contrib\auth\admin.py first seen with mtime 1772628516.791528
File C:\mypython3\myenv01\Lib\site-packages\django\db\migrations\recorder.py first seen with mtime 1772628519.2363348
File C:\Users\User\AppData\Local\Programs\Python\Python314\Lib\compression\_common\__init__.py first seen with mtime 1770111116.0
File C:\mypython3\myenv01\Lib\site-packages\django\templatetags\i18n.py first seen with mtime 1772628519.409502
File C:\mypython3\myenv01\Lib\site-packages\django\db\models\__init__.py first seen with mtime 1772628519.2463846
File C:\Users\User\AppData\Local\Programs\Python\Python314\Lib\concurrent\__init__.py first seen with mtime 1770111116.0
File C:\Users\User\AppData\Local\Programs\Python\Python314\Lib\email\quoprimime.py first seen with mtime 1770111116.0
File C:\mypython3\myenv01\Lib\site-packages\django\contrib\staticfiles\checks.py first seen with mtime 1772628519.100543
File C:\mypython3\myenv01\Lib\site-packages\django\contrib\messages\apps.py first seen with mtime 1772628518.1724787
File C:\Users\User\AppData\Local\Programs\Python\Python314\Lib\http\__init__.py first seen with mtime 1770111116.0
File C:\Users\User\AppData\Local\Programs\Python\Python314\Lib\multiprocessing\reduction.py first seen with mtime 1770111116.0
File C:\mypython3\myenv01\Lib\site-packages\django\contrib\auth\tokens.py first seen with mtime 1772628516.8145914
File C:\Users\User\AppData\Local\Programs\Python\Python314\Lib\socket.py first seen with mtime 1770111116.0
File C:\Users\User\AppData\Local\Programs\Python\Python314\Lib\datetime.py first seen with mtime 1770111116.0
File C:\Users\User\AppData\Local\Programs\Python\Python314\Lib\asyncio\locks.py first seen with mtime 1770111116.0
File C:\mypython3\myenv01\Lib\site-packages\asgiref\current_thread_executor.py first seen with mtime 1772628515.4119804
File C:\mypython3\myenv01\Lib\site-packages\django\utils\translation\__init__.py first seen with mtime 1772628519.4561176
File C:\Users\User\AppData\Local\Programs\Python\Python314\Lib\logging\config.py first seen with mtime 1770111116.0
File C:\mypython3\myenv01\Lib\site-packages\django\views\i18n.py first seen with mtime 1772628519.4641595
File C:\mypython3\myenv01\Scripts\hello_django\myhello\admin.py first seen with mtime 1772631600.8090832
File C:\mypython3\myenv01\Lib\site-packages\django\db\models\functions\json.py first seen with mtime 1772628519.281812
File C:\Users\User\AppData\Local\Programs\Python\Python314\Lib\concurrent\futures\thread.py first seen with mtime 1770111116.0
File C:\mypython3\myenv01\Lib\site-packages\django\db\models\sql\datastructures.py first seen with mtime 1772628519.2878125
File C:\mypython3\myenv01\Lib\site-packages\django\contrib\auth\hashers.py first seen with mtime 1772628516.8075495
File C:\Users\User\AppData\Local\Programs\Python\Python314\Lib\_markupbase.py first seen with mtime 1770111116.0
File C:\mypython3\myenv01\Lib\site-packages\django\db\migrations\executor.py first seen with mtime 1772628519.233334
File C:\mypython3\myenv01\Lib\site-packages\django\http\cookie.py first seen with mtime 1772628519.3698936
File C:\Users\User\AppData\Local\Programs\Python\Python314\Lib\asyncio\coroutines.py first seen with mtime 1770111116.0
File C:\mypython3\myenv01\Lib\site-packages\django\db\models\utils.py first seen with mtime 1772628519.2616136
File C:\mypython3\myenv01\Lib\site-packages\django\core\management\base.py first seen with mtime 1772628519.1615915
File C:\Users\User\AppData\Local\Programs\Python\Python314\Lib\asyncio\exceptions.py first seen with mtime 1770111116.0
File C:\mypython3\myenv01\Lib\site-packages\django\db\migrations\operations\fields.py first seen with mtime 1772628519.2433734
File C:\mypython3\myenv01\Lib\site-packages\django\core\handlers\asgi.py first seen with mtime 1772628519.150516
File C:\Users\User\AppData\Local\Programs\Python\Python314\Lib\concurrent\futures\__init__.py first seen with mtime 1770111116.0
File C:\mypython3\myenv01\Lib\site-packages\django\template\defaultfilters.py first seen with mtime 1772628519.391453
File C:\Users\User\AppData\Local\Programs\Python\Python314\DLLs\_zstd.pyd first seen with mtime 1770111166.0
File C:\Users\User\AppData\Local\Programs\Python\Python314\Lib\compression\_common\_streams.py first seen with mtime 1770111116.0
File C:\Users\User\AppData\Local\Programs\Python\Python314\Lib\annotationlib.py first seen with mtime 1770111116.0
File C:\Users\User\AppData\Local\Programs\Python\Python314\Lib\importlib\__init__.py first seen with mtime 1770111116.0
File C:\mypython3\myenv01\Lib\site-packages\django\db\migrations\migration.py first seen with mtime 1772628519.2353346
File C:\Users\User\AppData\Local\Programs\Python\Python314\Lib\fractions.py first seen with mtime 1770111116.0
File C:\Users\User\AppData\Local\Programs\Python\Python314\Lib\logging\handlers.py first seen with mtime 1770111116.0
File C:\mypython3\myenv01\Lib\site-packages\sqlparse\keywords.py first seen with mtime 1772628515.031135
File C:\mypython3\myenv01\Lib\site-packages\django\core\files\storage\filesystem.py first seen with mtime 1772628519.1460834
File C:\mypython3\myenv01\Lib\site-packages\django\core\files\uploadhandler.py first seen with mtime 1772628519.1435542
File C:\mypython3\myenv01\Lib\site-packages\django\utils\dateformat.py first seen with mtime 1772628519.4338129
File C:\mypython3\myenv01\Lib\site-packages\django\views\generic\dates.py first seen with mtime 1772628519.4741797
File C:\Users\User\AppData\Local\Programs\Python\Python314\Lib\html\parser.py first seen with mtime 1770111116.0
File C:\Users\User\AppData\Local\Programs\Python\Python314\Lib\urllib\parse.py first seen with mtime 1770111116.0
File C:\mypython3\myenv01\Lib\site-packages\django\db\models\fields\related_descriptors.py first seen with mtime 1772628519.2752569
File C:\Users\User\AppData\Local\Programs\Python\Python314\Lib\email\base64mime.py first seen with mtime 1770111116.0
File C:\Users\User\AppData\Local\Programs\Python\Python314\DLLs\_asyncio.pyd first seen with mtime 1770111166.0
File C:\mypython3\myenv01\Lib\site-packages\django\core\mail\__init__.py first seen with mtime 1772628519.1535394
File C:\mypython3\myenv01\Lib\site-packages\django\contrib\admin\templatetags\base.py first seen with mtime 1772628516.5458033
File C:\Users\User\AppData\Local\Programs\Python\Python314\Lib\wsgiref\headers.py first seen with mtime 1770111116.0
File C:\Users\User\AppData\Local\Programs\Python\Python314\Lib\asyncio\futures.py first seen with mtime 1770111116.0
File C:\mypython3\myenv01\Lib\site-packages\django\forms\renderers.py first seen with mtime 1772628519.2977905
File C:\Users\User\AppData\Local\Programs\Python\Python314\Lib\hmac.py first seen with mtime 1770111116.0
File C:\mypython3\myenv01\Lib\site-packages\django\db\migrations\autodetector.py first seen with mtime 1772628519.2323353
File C:\Users\User\AppData\Local\Programs\Python\Python314\Lib\email\headerregistry.py first seen with mtime 1770111116.0
File C:\Users\User\AppData\Local\Programs\Python\Python314\Lib\_weakrefset.py first seen with mtime 1770111116.0
File C:\Users\User\AppData\Local\Programs\Python\Python314\Lib\fnmatch.py first seen with mtime 1770111116.0
File C:\mypython3\myenv01\Lib\site-packages\django\contrib\staticfiles\management\commands\runserver.py first seen with mtime 1772628519.1093621
File C:\Users\User\AppData\Local\Programs\Python\Python314\Lib\asyncio\selector_events.py first seen with mtime 1770111116.0
File C:\Users\User\AppData\Local\Programs\Python\Python314\Lib\encodings\_win_cp_codecs.py first seen with mtime 1770111116.0
File C:\mypython3\myenv01\Lib\site-packages\django\forms\boundfield.py first seen with mtime 1772628519.294283
File C:\mypython3\myenv01\Scripts\hello_django\myhello\apps.py first seen with mtime 1772631600.8193235
File C:\mypython3\myenv01\Lib\site-packages\django\contrib\auth\templatetags\__init__.py first seen with mtime 1772628517.0840466
File C:\Users\User\AppData\Local\Programs\Python\Python314\Lib\zoneinfo\_tzpath.py first seen with mtime 1770111116.0
File C:\Users\User\AppData\Local\Programs\Python\Python314\Lib\asyncio\protocols.py first seen with mtime 1770111116.0
File C:\mypython3\myenv01\Lib\site-packages\django\contrib\admin\sites.py first seen with mtime 1772628515.9761503
File C:\mypython3\myenv01\Lib\site-packages\django\db\models\fields\json.py first seen with mtime 1772628519.2722602
File C:\mypython3\myenv01\Lib\site-packages\django\forms\models.py first seen with mtime 1772628519.2962823
File C:\mypython3\myenv01\Lib\site-packages\django\core\checks\compatibility\__init__.py first seen with mtime 1772628519.1333945
File C:\Users\User\AppData\Local\Programs\Python\Python314\Lib\email\contentmanager.py first seen with mtime 1770111116.0
File C:\mypython3\myenv01\Lib\site-packages\django\contrib\__init__.py first seen with mtime 1772628515.967251
File C:\mypython3\myenv01\Lib\site-packages\django\db\migrations\exceptions.py first seen with mtime 1772628519.2323353
File C:\mypython3\myenv01\Lib\site-packages\django\contrib\sites\__init__.py first seen with mtime 1772628518.8320715
File C:\mypython3\myenv01\Lib\site-packages\django\db\backends\sqlite3\client.py first seen with mtime 1772628519.2265081
File C:\mypython3\myenv01\Lib\site-packages\django\contrib\admin\templatetags\log.py first seen with mtime 1772628516.5458033
File C:\mypython3\myenv01\Lib\site-packages\django\utils\decorators.py first seen with mtime 1772628519.4368124
File C:\mypython3\myenv01\Scripts\hello_django\hello_django\urls.py first seen with mtime 1772634029.8900678
File C:\mypython3\myenv01\Lib\site-packages\django\contrib\staticfiles\management\commands\__init__.py first seen with mtime 1772628519.1068728
File C:\Users\User\AppData\Local\Programs\Python\Python314\Lib\email\mime\message.py first seen with mtime 1770111116.0
File C:\Users\User\AppData\Local\Programs\Python\Python314\Lib\asyncio\base_tasks.py first seen with mtime 1770111116.0
File C:\mypython3\myenv01\Lib\site-packages\django\contrib\sites\shortcuts.py first seen with mtime 1772628518.8385894
File C:\Users\User\AppData\Local\Programs\Python\Python314\Lib\ctypes\_layout.py first seen with mtime 1770111116.0
File C:\Users\User\AppData\Local\Programs\Python\Python314\Lib\encodings\aliases.py first seen with mtime 1770111116.0
File C:\mypython3\myenv01\Lib\site-packages\django\core\checks\urls.py first seen with mtime 1772628519.1333945
File C:\mypython3\myenv01\Lib\site-packages\django\core\cache\backends\locmem.py first seen with mtime 1772628519.1233492
File C:\mypython3\myenv01\Lib\site-packages\django\db\models\fields\files.py first seen with mtime 1772628519.2702558
File C:\mypython3\myenv01\Lib\site-packages\django\utils\html.py first seen with mtime 1772628519.4428337
File C:\mypython3\myenv01\Lib\site-packages\sqlparse\engine\statement_splitter.py first seen with mtime 1772628515.0379975
File C:\Users\User\AppData\Local\Programs\Python\Python314\Lib\wsgiref\simple_server.py first seen with mtime 1770111116.0
File C:\Users\User\AppData\Local\Programs\Python\Python314\Lib\zoneinfo\_common.py first seen with mtime 1770111116.0
File C:\mypython3\myenv01\Lib\site-packages\django\db\models\query.py first seen with mtime 1772628519.2585788
File C:\mypython3\myenv01\Lib\site-packages\django\contrib\admin\templatetags\admin_list.py first seen with mtime 1772628516.5428042
File C:\mypython3\myenv01\Lib\site-packages\_virtualenv.py first seen with mtime 1772626075.4295344
File C:\Users\User\AppData\Local\Programs\Python\Python314\Lib\linecache.py first seen with mtime 1770111116.0
File C:\mypython3\myenv01\Lib\site-packages\django\db\migrations\operations\__init__.py first seen with mtime 1772628519.2413733
File C:\mypython3\myenv01\Lib\site-packages\django\db\models\sql\constants.py first seen with mtime 1772628519.2868125
File C:\mypython3\myenv01\Lib\site-packages\django\views\decorators\debug.py first seen with mtime 1772628519.4693258
File C:\Users\User\AppData\Local\Programs\Python\Python314\Lib\dis.py first seen with mtime 1770111116.0
File C:\Users\User\AppData\Local\Programs\Python\Python314\Lib\traceback.py first seen with mtime 1770111116.0
File C:\mypython3\myenv01\Lib\site-packages\django\contrib\sessions\base_session.py first seen with mtime 1772628518.6062028
File C:\mypython3\myenv01\Lib\site-packages\django\template\loaders\filesystem.py first seen with mtime 1772628519.4065192
File C:\Users\User\AppData\Local\Programs\Python\Python314\Lib\urllib\error.py first seen with mtime 1770111116.0
File C:\mypython3\myenv01\Lib\site-packages\django\utils\deconstruct.py first seen with mtime 1772628519.435812
File C:\Users\User\AppData\Local\Programs\Python\Python314\Lib\lzma.py first seen with mtime 1770111116.0
File C:\Users\User\AppData\Local\Programs\Python\Python314\Lib\textwrap.py first seen with mtime 1770111116.0
File C:\mypython3\myenv01\Lib\site-packages\django\http\request.py first seen with mtime 1772628519.3708937
File C:\mypython3\myenv01\Lib\site-packages\django\contrib\admin\actions.py first seen with mtime 1772628515.9692981
File C:\mypython3\myenv01\Lib\site-packages\django\core\serializers\__init__.py first seen with mtime 1772628519.1825495
File C:\Users\User\AppData\Local\Programs\Python\Python314\Lib\re\_parser.py first seen with mtime 1770111116.0
File C:\mypython3\myenv01\Lib\site-packages\sqlparse\lexer.py first seen with mtime 1772628515.032119
File C:\mypython3\myenv01\Lib\site-packages\sqlparse\utils.py first seen with mtime 1772628515.0341208
File C:\mypython3\myenv01\Lib\site-packages\django\db\backends\__init__.py first seen with mtime 1772628519.1905274
File C:\mypython3\myenv01\Lib\site-packages\django\core\checks\registry.py first seen with mtime 1772628519.1303897
File C:\Users\User\AppData\Local\Programs\Python\Python314\Lib\logging\__init__.py first seen with mtime 1770111116.0
File C:\mypython3\myenv01\Lib\site-packages\django\template\backends\django.py first seen with mtime 1772628519.400496
File C:\mypython3\myenv01\Lib\site-packages\django\views\generic\list.py first seen with mtime 1772628519.4761813
File C:\mypython3\myenv01\Lib\site-packages\django\db\models\deletion.py first seen with mtime 1772628519.2515547
File C:\Users\User\AppData\Local\Programs\Python\Python314\Lib\json\__init__.py first seen with mtime 1770111116.0
File C:\Users\User\AppData\Local\Programs\Python\Python314\Lib\urllib\request.py first seen with mtime 1770111116.0
File C:\mypython3\myenv01\Lib\site-packages\django\db\models\fields\generated.py first seen with mtime 1772628519.2712548
File C:\Users\User\AppData\Local\Programs\Python\Python314\DLLs\_ssl.pyd first seen with mtime 1770111166.0
File C:\mypython3\myenv01\Lib\site-packages\django\contrib\messages\storage\base.py first seen with mtime 1772628518.182515
File C:\mypython3\myenv01\Scripts\hello_django\hello_django\__init__.py first seen with mtime 1772629014.569197
File C:\Users\User\AppData\Local\Programs\Python\Python314\Lib\__future__.py first seen with mtime 1770111116.0
File C:\mypython3\myenv01\Lib\site-packages\django\contrib\auth\password_validation.py first seen with mtime 1772628516.812593
File C:\Users\User\AppData\Local\Programs\Python\Python314\Lib\email\_parseaddr.py first seen with mtime 1770111116.0
File C:\Users\User\AppData\Local\Programs\Python\Python314\Lib\email\feedparser.py first seen with mtime 1770111116.0
File C:\mypython3\myenv01\Lib\site-packages\django\urls\resolvers.py first seen with mtime 1772628519.4225094
File C:\mypython3\myenv01\Lib\site-packages\sqlparse\filters\reindent.py first seen with mtime 1772628515.0415337
File C:\mypython3\myenv01\Lib\site-packages\django\contrib\messages\__init__.py first seen with mtime 1772628518.1694722
File C:\mypython3\myenv01\Lib\site-packages\django\db\backends\sqlite3\features.py first seen with mtime 1772628519.22865
File C:\mypython3\myenv01\Lib\site-packages\django\template\loaders\cached.py first seen with mtime 1772628519.4060752
File C:\mypython3\myenv01\Lib\site-packages\django\template\utils.py first seen with mtime 1772628519.3984869
File C:\Users\User\AppData\Local\Programs\Python\Python314\Lib\zoneinfo\__init__.py first seen with mtime 1770111116.0
File C:\mypython3\myenv01\Lib\site-packages\django\core\files\storage\handler.py first seen with mtime 1772628519.1460834
File C:\mypython3\myenv01\Lib\site-packages\django\template\response.py first seen with mtime 1772628519.3964527
File C:\mypython3\myenv01\Lib\site-packages\django\contrib\auth\__init__.py first seen with mtime 1772628516.7905252
File C:\mypython3\myenv01\Lib\site-packages\django\utils\formats.py first seen with mtime 1772628519.4408357
File C:\mypython3\myenv01\Lib\site-packages\django\contrib\staticfiles\management\__init__.py first seen with mtime 1772628519.1068728
File C:\mypython3\myenv01\Lib\site-packages\sqlparse\filters\__init__.py first seen with mtime 1772628515.039053
File C:\Users\User\AppData\Local\Programs\Python\Python314\Lib\_py_warnings.py first seen with mtime 1770111116.0
File C:\Users\User\AppData\Local\Programs\Python\Python314\Lib\email\_encoded_words.py first seen with mtime 1770111116.0
File C:\mypython3\myenv01\Scripts\hello_django\myhello\views.py first seen with mtime 1772633839.5372832
File C:\mypython3\myenv01\Lib\site-packages\django\contrib\contenttypes\management\__init__.py first seen with mtime 1772628517.303857
File C:\Users\User\AppData\Local\Programs\Python\Python314\Lib\pickle.py first seen with mtime 1770111116.0
File C:\mypython3\myenv01\Lib\site-packages\django\db\migrations\serializer.py first seen with mtime 1772628519.2378452
File C:\Users\User\AppData\Local\Programs\Python\Python314\Lib\pkgutil.py first seen with mtime 1770111116.0
File C:\Users\User\AppData\Local\Programs\Python\Python314\Lib\asyncio\trsock.py first seen with mtime 1770111116.0
File C:\Users\User\AppData\Local\Programs\Python\Python314\Lib\encodings\cp950.py first seen with mtime 1770111116.0
File C:\Users\User\AppData\Local\Programs\Python\Python314\Lib\statistics.py first seen with mtime 1770111116.0
File C:\mypython3\myenv01\Lib\site-packages\django\core\checks\async_checks.py first seen with mtime 1772628519.126349
File C:\mypython3\myenv01\Lib\site-packages\django\db\backends\sqlite3\base.py first seen with mtime 1772628519.2265081
File C:\Users\User\AppData\Local\Programs\Python\Python314\Lib\selectors.py first seen with mtime 1770111116.0
File C:\mypython3\myenv01\Lib\site-packages\sqlparse\engine\grouping.py first seen with mtime 1772628515.036489
File C:\mypython3\myenv01\Lib\site-packages\django\urls\utils.py first seen with mtime 1772628519.4235115
File C:\Users\User\AppData\Local\Programs\Python\Python314\Lib\asyncio\base_subprocess.py first seen with mtime 1770111116.0
File C:\mypython3\myenv01\Lib\site-packages\django\contrib\admin\views\__init__.py first seen with mtime 1772628516.547315
File C:\mypython3\myenv01\Lib\site-packages\sqlparse\filters\aligned_indent.py first seen with mtime 1772628515.0395331
File C:\mypython3\myenv01\Lib\site-packages\django\db\backends\base\features.py first seen with mtime 1772628519.1965265
File C:\Users\User\AppData\Local\Programs\Python\Python314\Lib\socketserver.py first seen with mtime 1770111116.0
File C:\Users\User\AppData\Local\Programs\Python\Python314\Lib\asyncio\taskgroups.py first seen with mtime 1770111116.0
File C:\Users\User\AppData\Local\Programs\Python\Python314\Lib\heapq.py first seen with mtime 1770111116.0
File C:\mypython3\myenv01\Lib\site-packages\django\utils\crypto.py first seen with mtime 1772628519.43181
File C:\Users\User\AppData\Local\Programs\Python\Python314\Lib\uuid.py first seen with mtime 1770111116.0
File C:\mypython3\myenv01\Lib\site-packages\django\core\checks\security\sessions.py first seen with mtime 1772628519.1363878
File C:\mypython3\myenv01\Lib\site-packages\django\core\management\__init__.py first seen with mtime 1772628519.1605916
File C:\mypython3\myenv01\Lib\site-packages\django\db\models\sql\query.py first seen with mtime 1772628519.289061
File C:\mypython3\myenv01\Lib\site-packages\django\utils\dateparse.py first seen with mtime 1772628519.434812
File C:\Users\User\AppData\Local\Programs\Python\Python314\Lib\asyncio\timeouts.py first seen with mtime 1770111116.0
File C:\Users\User\AppData\Local\Programs\Python\Python314\Lib\sqlite3\__init__.py first seen with mtime 1770111116.0
File C:\mypython3\myenv01\Lib\site-packages\django\utils\__init__.py first seen with mtime 1772628519.424511
File C:\Users\User\AppData\Local\Programs\Python\Python314\Lib\weakref.py first seen with mtime 1770111116.0
File C:\mypython3\myenv01\Lib\site-packages\django\utils\_os.py first seen with mtime 1772628519.42551
File C:\mypython3\myenv01\Lib\site-packages\django\core\servers\__init__.py first seen with mtime 1772628519.1870022
File C:\mypython3\myenv01\Scripts\hello_django\myhello\__init__.py first seen with mtime 1772631600.8448057
File C:\mypython3\myenv01\Lib\site-packages\sqlparse\cli.py first seen with mtime 1772628515.0291107
File C:\Users\User\AppData\Local\Programs\Python\Python314\Lib\_opcode_metadata.py first seen with mtime 1770111116.0
File C:\mypython3\myenv01\Lib\site-packages\django\templatetags\l10n.py first seen with mtime 1772628519.409502
File C:\mypython3\myenv01\Lib\site-packages\sqlparse\filters\output.py first seen with mtime 1772628515.0415337
File C:\Users\User\AppData\Local\Programs\Python\Python314\DLLs\_wmi.pyd first seen with mtime 1770111164.0
File C:\mypython3\myenv01\Lib\site-packages\django\template\loaders\base.py first seen with mtime 1772628519.4044962
File C:\mypython3\myenv01\Lib\site-packages\django\contrib\contenttypes\checks.py first seen with mtime 1772628517.0875528
File C:\mypython3\myenv01\Lib\site-packages\django\template\loader_tags.py first seen with mtime 1772628519.3964527
File C:\Users\User\AppData\Local\Programs\Python\Python314\Lib\json\decoder.py first seen with mtime 1770111116.0
File C:\mypython3\myenv01\Lib\site-packages\django\contrib\staticfiles\finders.py first seen with mtime 1772628519.1015408
File C:\Users\User\AppData\Local\Programs\Python\Python314\Lib\email\errors.py first seen with mtime 1770111116.0
File C:\mypython3\myenv01\Lib\site-packages\django\conf\__init__.py first seen with mtime 1772628515.6095145
File C:\Users\User\AppData\Local\Programs\Python\Python314\Lib\collections\__init__.py first seen with mtime 1770111116.0
File C:\mypython3\myenv01\Lib\site-packages\django\utils\version.py first seen with mtime 1772628519.4544022
File C:\mypython3\myenv01\Lib\site-packages\django\contrib\admin\apps.py first seen with mtime 1772628515.9692981
File C:\mypython3\myenv01\Lib\site-packages\django\views\generic\edit.py first seen with mtime 1772628519.4751813
File C:\mypython3\myenv01\Lib\site-packages\django\core\cache\backends\filebased.py first seen with mtime 1772628519.12234
File C:\Users\User\AppData\Local\Programs\Python\Python314\Lib\keyword.py first seen with mtime 1770111116.0
File C:\mypython3\myenv01\Lib\site-packages\django\contrib\messages\api.py first seen with mtime 1772628518.1704702
File C:\Users\User\AppData\Local\Programs\Python\Python314\Lib\email\mime\nonmultipart.py first seen with mtime 1770111116.0
File C:\Users\User\AppData\Local\Programs\Python\Python314\Lib\encodings\utf_8_sig.py first seen with mtime 1770111116.0
File C:\mypython3\myenv01\Lib\site-packages\django\db\backends\sqlite3\creation.py first seen with mtime 1772628519.2276404
File C:\mypython3\myenv01\Lib\site-packages\django\db\models\functions\window.py first seen with mtime 1772628519.2848115
File C:\mypython3\myenv01\Lib\site-packages\django\contrib\contenttypes\__init__.py first seen with mtime 1772628517.0860455
File C:\Users\User\AppData\Local\Programs\Python\Python314\Lib\http\cookies.py first seen with mtime 1770111116.0
File C:\mypython3\myenv01\Lib\site-packages\django\conf\locale\__init__.py first seen with mtime 1772628515.6165159
File C:\Users\User\AppData\Local\Programs\Python\Python314\Lib\asyncio\runners.py first seen with mtime 1770111116.0
File C:\mypython3\myenv01\Lib\site-packages\django\views\defaults.py first seen with mtime 1772628519.463166
File C:\mypython3\myenv01\Lib\site-packages\django\db\backends\sqlite3\introspection.py first seen with mtime 1772628519.2294064
File C:\Users\User\AppData\Local\Programs\Python\Python314\Lib\json\encoder.py first seen with mtime 1770111116.0
File C:\Users\User\AppData\Local\Programs\Python\Python314\Lib\tempfile.py first seen with mtime 1770111116.0
File C:\mypython3\myenv01\Lib\site-packages\django\db\backends\base\__init__.py first seen with mtime 1772628519.193528
File C:\mypython3\myenv01\Lib\site-packages\django\db\models\manager.py first seen with mtime 1772628519.2555583
File C:\mypython3\myenv01\Lib\site-packages\django\db\backends\signals.py first seen with mtime 1772628519.1915271
File C:\mypython3\myenv01\Lib\site-packages\django\views\decorators\cache.py first seen with mtime 1772628519.4662862
File C:\mypython3\myenv01\Lib\site-packages\django\core\handlers\wsgi.py first seen with mtime 1772628519.152336
File C:\mypython3\myenv01\Lib\site-packages\django\db\models\fields\reverse_related.py first seen with mtime 1772628519.2762587
File C:\mypython3\myenv01\Lib\site-packages\django\db\models\lookups.py first seen with mtime 1772628519.2545586
File C:\Users\User\AppData\Local\Programs\Python\Python314\Lib\importlib\_abc.py first seen with mtime 1770111116.0
File C:\Users\User\AppData\Local\Programs\Python\Python314\Lib\sysconfig\__init__.py first seen with mtime 1770111116.0
File C:\mypython3\myenv01\Lib\site-packages\django\utils\dates.py first seen with mtime 1772628519.435812
File C:\Users\User\AppData\Local\Programs\Python\Python314\Lib\email\iterators.py first seen with mtime 1770111116.0
File C:\Users\User\AppData\Local\Programs\Python\Python314\Lib\email\mime\base.py first seen with mtime 1770111116.0
File C:\mypython3\myenv01\Lib\site-packages\django\db\models\constraints.py first seen with mtime 1772628519.250529
File C:\mypython3\myenv01\Lib\site-packages\django\template\backends\__init__.py first seen with mtime 1772628519.399496
File C:\mypython3\myenv01\Lib\site-packages\django\core\cache\backends\base.py first seen with mtime 1772628519.120345
File C:\mypython3\myenv01\Lib\site-packages\django\core\files\utils.py first seen with mtime 1772628519.1440754
File C:\Users\User\AppData\Local\Programs\Python\Python314\Lib\compression\zstd\__init__.py first seen with mtime 1770111116.0
File C:\mypython3\myenv01\Lib\site-packages\sqlparse\__init__.py first seen with mtime 1772628515.027864
File C:\mypython3\myenv01\Lib\site-packages\django\core\cache\utils.py first seen with mtime 1772628519.1194224
File C:\mypython3\myenv01\Lib\site-packages\django\http\__init__.py first seen with mtime 1772628519.3688836
File C:\mypython3\myenv01\Lib\site-packages\django\views\decorators\csrf.py first seen with mtime 1772628519.4677954
File C:\mypython3\myenv01\Lib\site-packages\django\contrib\admin\helpers.py first seen with mtime 1772628515.9741502
File C:\Users\User\AppData\Local\Programs\Python\Python314\Lib\signal.py first seen with mtime 1770111116.0
File C:\Users\User\AppData\Local\Programs\Python\Python314\Lib\base64.py first seen with mtime 1770111116.0
File C:\mypython3\myenv01\Lib\site-packages\django\utils\translation\trans_real.py first seen with mtime 1772628519.4591498
File C:\Users\User\AppData\Local\Programs\Python\Python314\Lib\operator.py first seen with mtime 1770111116.0
File C:\mypython3\myenv01\Lib\site-packages\django\db\models\indexes.py first seen with mtime 1772628519.253555
File C:\mypython3\myenv01\Lib\site-packages\django\core\servers\basehttp.py first seen with mtime 1772628519.1880012
File C:\mypython3\myenv01\Lib\site-packages\django\template\exceptions.py first seen with mtime 1772628519.3934557
File C:\Users\User\AppData\Local\Programs\Python\Python314\Lib\asyncio\queues.py first seen with mtime 1770111116.0
File C:\Users\User\AppData\Local\Programs\Python\Python314\Lib\asyncio\constants.py first seen with mtime 1770111116.0
File C:\mypython3\myenv01\Lib\site-packages\django\core\checks\security\csrf.py first seen with mtime 1772628519.1363878
File C:\mypython3\myenv01\Lib\site-packages\django\core\management\commands\__init__.py first seen with mtime 1772628519.1655958
File C:\Users\User\AppData\Local\Programs\Python\Python314\Lib\codeop.py first seen with mtime 1770111116.0
File C:\mypython3\myenv01\Lib\site-packages\django\db\backends\base\validation.py first seen with mtime 1772628519.1995509
File C:\Users\User\AppData\Local\Programs\Python\Python314\Lib\dataclasses.py first seen with mtime 1770111116.0
File C:\mypython3\myenv01\Lib\site-packages\django\contrib\sessions\apps.py first seen with mtime 1772628518.605203
File C:\mypython3\myenv01\Lib\site-packages\django\core\checks\templates.py first seen with mtime 1772628519.1313944
File C:\mypython3\myenv01\Lib\site-packages\django\template\base.py first seen with mtime 1772628519.389452
File C:\mypython3\myenv01\Lib\site-packages\django\utils\regex_helper.py first seen with mtime 1772628519.4494002
File C:\mypython3\myenv01\Lib\site-packages\django\core\management\commands\migrate.py first seen with mtime 1772628519.1735022
File C:\mypython3\myenv01\Lib\site-packages\django\core\checks\commands.py first seen with mtime 1772628519.126349
File C:\mypython3\myenv01\Lib\site-packages\django\template\loaders\__init__.py first seen with mtime 1772628519.403497
File C:\Users\User\AppData\Local\Programs\Python\Python314\Lib\contextlib.py first seen with mtime 1770111116.0
File C:\mypython3\myenv01\Lib\site-packages\django\http\response.py first seen with mtime 1772628519.3718936
File C:\mypython3\myenv01\Lib\site-packages\django\apps\__init__.py first seen with mtime 1772628515.6064773
File C:\Users\User\AppData\Local\Programs\Python\Python314\Lib\asyncio\subprocess.py first seen with mtime 1770111116.0
File C:\mypython3\myenv01\Lib\site-packages\django\core\management\commands\makemigrations.py first seen with mtime 1772628519.1725025
File C:\mypython3\myenv01\Lib\site-packages\django\views\__init__.py first seen with mtime 1772628519.461161
File C:\mypython3\myenv01\Scripts\hello_django\hello_django\settings.py first seen with mtime 1772631882.132886
File C:\Users\User\AppData\Local\Programs\Python\Python314\Lib\queue.py first seen with mtime 1770111116.0
File C:\mypython3\myenv01\Lib\site-packages\django\core\files\locks.py first seen with mtime 1772628519.1404893
File C:\Users\User\AppData\Local\Programs\Python\Python314\Lib\types.py first seen with mtime 1770111116.0
File C:\mypython3\myenv01\Lib\site-packages\django\db\models\constants.py first seen with mtime 1772628519.2490005
File C:\mypython3\myenv01\Lib\site-packages\sqlparse\exceptions.py first seen with mtime 1772628515.0301273
File C:\Users\User\AppData\Local\Programs\Python\Python314\Lib\email\mime\__init__.py first seen with mtime 1770111116.0
File C:\Users\User\AppData\Local\Programs\Python\Python314\Lib\email\mime\text.py first seen with mtime 1770111116.0
File C:\Users\User\AppData\Local\Programs\Python\Python314\Lib\re\_constants.py first seen with mtime 1770111116.0
File C:\mypython3\myenv01\Lib\site-packages\django\core\serializers\base.py first seen with mtime 1772628519.1835485
File C:\mypython3\myenv01\Lib\site-packages\django\utils\timesince.py first seen with mtime 1772628519.4519227
File C:\mypython3\myenv01\Lib\site-packages\django\core\handlers\__init__.py first seen with mtime 1772628519.1486025
File C:\mypython3\myenv01\Lib\site-packages\django\core\management\sql.py first seen with mtime 1772628519.162592
File C:\Users\User\AppData\Local\Programs\Python\Python314\Lib\urllib\__init__.py first seen with mtime 1770111116.0
File C:\mypython3\myenv01\Lib\site-packages\django\utils\timezone.py first seen with mtime 1772628519.4529185
File C:\mypython3\myenv01\Lib\site-packages\django\utils\inspect.py first seen with mtime 1772628519.443837
File C:\mypython3\myenv01\Lib\site-packages\django\contrib\messages\storage\__init__.py first seen with mtime 1772628518.1815157
File C:\mypython3\myenv01\Lib\site-packages\django\utils\ipv6.py first seen with mtime 1772628519.4448347
File C:\Users\User\AppData\Local\Programs\Python\Python314\Lib\wsgiref\util.py first seen with mtime 1770111116.0
File C:\mypython3\myenv01\Lib\site-packages\django\db\backends\utils.py first seen with mtime 1772628519.192527
File C:\mypython3\myenv01\Lib\site-packages\django\contrib\contenttypes\admin.py first seen with mtime 1772628517.0860455
File C:\mypython3\myenv01\Lib\site-packages\django\db\transaction.py first seen with mtime 1772628519.1895187
File C:\mypython3\myenv01\Lib\site-packages\django\apps\config.py first seen with mtime 1772628515.607985
File C:\mypython3\myenv01\Lib\site-packages\django\contrib\auth\base_user.py first seen with mtime 1772628516.7955244
File C:\mypython3\myenv01\Lib\site-packages\django\db\__init__.py first seen with mtime 1772628519.1890144
File C:\Users\User\AppData\Local\Programs\Python\Python314\Lib\asyncio\threads.py first seen with mtime 1770111116.0
File C:\mypython3\myenv01\Lib\site-packages\django\contrib\auth\checks.py first seen with mtime 1772628516.7995822
File C:\Users\User\AppData\Local\Programs\Python\Python314\Lib\re\__init__.py first seen with mtime 1770111116.0
File C:\mypython3\myenv01\Lib\site-packages\django\views\generic\detail.py first seen with mtime 1772628519.4741797
File C:\mypython3\myenv01\Lib\site-packages\django\db\migrations\operations\models.py first seen with mtime 1772628519.2433734
File C:\mypython3\myenv01\Lib\site-packages\django\contrib\admin\utils.py first seen with mtime 1772628515.97766
File C:\Users\User\AppData\Local\Programs\Python\Python314\Lib\email\encoders.py first seen with mtime 1770111116.0
File C:\mypython3\myenv01\Lib\site-packages\django\utils\deprecation.py first seen with mtime 1772628519.4378119
File C:\mypython3\myenv01\Lib\site-packages\django\contrib\admin\__init__.py first seen with mtime 1772628515.9677575
File C:\mypython3\myenv01\Lib\site-packages\django\db\migrations\graph.py first seen with mtime 1772628519.2343347
File C:\mypython3\myenv01\Lib\site-packages\django\contrib\admin\widgets.py first seen with mtime 1772628515.97766
File C:\Users\User\AppData\Local\Programs\Python\Python314\Lib\email\policy.py first seen with mtime 1770111116.0
File C:\mypython3\myenv01\Lib\site-packages\django\utils\module_loading.py first seen with mtime 1772628519.4483454
File C:\mypython3\myenv01\Lib\site-packages\django\db\backends\sqlite3\operations.py first seen with mtime 1772628519.2294064
File C:\mypython3\myenv01\Scripts\hello_django\myhello\models.py first seen with mtime 1772631600.8277423
File C:\Users\User\AppData\Local\Programs\Python\Python314\Lib\token.py first seen with mtime 1770111116.0
File C:\mypython3\myenv01\Lib\site-packages\django\core\files\storage\__init__.py first seen with mtime 1772628519.1450853
File C:\mypython3\myenv01\Lib\site-packages\django\views\generic\__init__.py first seen with mtime 1772628519.4721806
File C:\Users\User\AppData\Local\Programs\Python\Python314\Lib\asyncio\format_helpers.py first seen with mtime 1770111116.0
File C:\mypython3\myenv01\Lib\site-packages\django\contrib\admin\views\main.py first seen with mtime 1772628516.5498984
File C:\Users\User\AppData\Local\Programs\Python\Python314\Lib\wsgiref\handlers.py first seen with mtime 1770111116.0
File C:\Users\User\AppData\Local\Programs\Python\Python314\Lib\copy.py first seen with mtime 1770111116.0
File C:\mypython3\myenv01\Scripts\hello_django\manage.py first seen with mtime 1772629014.5247397
File C:\Users\User\AppData\Local\Programs\Python\Python314\Lib\html\__init__.py first seen with mtime 1770111116.0
File C:\mypython3\myenv01\Lib\site-packages\django\urls\exceptions.py first seen with mtime 1772628519.4225094
File C:\mypython3\myenv01\Lib\site-packages\django\contrib\admin\templatetags\admin_modify.py first seen with mtime 1772628516.5438025
File C:\mypython3\myenv01\Lib\site-packages\django\contrib\staticfiles\apps.py first seen with mtime 1772628519.0995374
File C:\mypython3\myenv01\Lib\site-packages\django\db\models\fields\proxy.py first seen with mtime 1772628519.2742548
File C:\mypython3\myenv01\Lib\site-packages\django\contrib\admin\models.py first seen with mtime 1772628515.9751508
File C:\mypython3\myenv01\Lib\site-packages\django\contrib\messages\constants.py first seen with mtime 1772628518.174473
File C:\Users\User\AppData\Local\Programs\Python\Python314\Lib\tokenize.py first seen with mtime 1770111116.0
File C:\mypython3\myenv01\Lib\site-packages\django\core\checks\caches.py first seen with mtime 1772628519.126349
File C:\mypython3\myenv01\Lib\site-packages\django\utils\safestring.py first seen with mtime 1772628519.4494002
File C:\Users\User\AppData\Local\Programs\Python\Python314\Lib\wsgiref\__init__.py first seen with mtime 1770111116.0
File C:\Users\User\AppData\Local\Programs\Python\Python314\Lib\asyncio\proactor_events.py first seen with mtime 1770111116.0
File C:\mypython3\myenv01\Lib\site-packages\django\utils\log.py first seen with mtime 1772628519.446835
File C:\Users\User\AppData\Local\Programs\Python\Python314\Lib\opcode.py first seen with mtime 1770111116.0
File C:\mypython3\myenv01\Lib\site-packages\sqlparse\filters\right_margin.py first seen with mtime 1772628515.0425346
File C:\Users\User\AppData\Local\Programs\Python\Python314\Lib\asyncio\__init__.py first seen with mtime 1770111116.0
File C:\mypython3\myenv01\Lib\site-packages\django\urls\conf.py first seen with mtime 1772628519.4205134
File C:\Users\User\AppData\Local\Programs\Python\Python314\Lib\email\utils.py first seen with mtime 1770111116.0
File C:\mypython3\myenv01\Lib\site-packages\django\core\checks\database.py first seen with mtime 1772628519.1278596
File C:\mypython3\myenv01\Lib\site-packages\django\middleware\cache.py first seen with mtime 1772628519.3733978
File C:\mypython3\myenv01\Lib\site-packages\django\utils\lorem_ipsum.py first seen with mtime 1772628519.446835
File C:\mypython3\myenv01\Lib\site-packages\django\forms\utils.py first seen with mtime 1772628519.2977905
File C:\mypython3\myenv01\Lib\site-packages\django\forms\formsets.py first seen with mtime 1772628519.2962823
File C:\mypython3\myenv01\Lib\site-packages\django\db\migrations\state.py first seen with mtime 1772628519.2388558
File C:\mypython3\myenv01\Lib\site-packages\django\template\smartif.py first seen with mtime 1772628519.3979623
File C:\mypython3\myenv01\Lib\site-packages\django\middleware\common.py first seen with mtime 1772628519.3737638
File C:\mypython3\myenv01\Lib\site-packages\django\contrib\sessions\backends\base.py first seen with mtime 1772628518.610252
File C:\mypython3\myenv01\Lib\site-packages\django\contrib\auth\backends.py first seen with mtime 1772628516.793524
File C:\mypython3\myenv01\Lib\site-packages\django\contrib\sessions\backends\__init__.py first seen with mtime 1772628518.60924
File C:\mypython3\myenv01\Lib\site-packages\django\contrib\auth\migrations\0012_alter_user_first_name_max_length.py first seen with mtime 1772628517.079585
File C:\mypython3\myenv01\Scripts\hello_django\hello_django\wsgi.py first seen with mtime 1772629014.568514
File C:\mypython3\myenv01\Lib\site-packages\django\contrib\auth\migrations\0010_alter_group_name_max_length.py first seen with mtime 1772628517.0780635
File C:\Users\User\AppData\Local\Programs\Python\Python314\Lib\stringprep.py first seen with mtime 1770111116.0
File C:\mypython3\myenv01\Lib\site-packages\django\contrib\auth\migrations\0003_alter_user_email_max_length.py first seen with mtime 1772628517.073551
File C:\mypython3\myenv01\Lib\site-packages\django\contrib\contenttypes\migrations\0001_initial.py first seen with mtime 1772628517.3058522
File C:\mypython3\myenv01\Lib\site-packages\django\contrib\auth\migrations\0009_alter_user_last_name_max_length.py first seen with mtime 1772628517.0765517
File C:\mypython3\myenv01\Lib\site-packages\django\contrib\auth\views.py first seen with mtime 1772628516.8186526
File C:\mypython3\myenv01\Lib\site-packages\django\contrib\sessions\backends\db.py first seen with mtime 1772628518.61225
File C:\mypython3\myenv01\Lib\site-packages\django\contrib\sessions\migrations\0001_initial.py first seen with mtime 1772628518.8268554
File C:\mypython3\myenv01\Lib\site-packages\django\contrib\auth\migrations\0006_require_contenttypes_0002.py first seen with mtime 1772628517.0745533
File C:\mypython3\myenv01\Lib\site-packages\django\contrib\auth\migrations\0008_alter_user_username_max_length.py first seen with mtime 1772628517.0765517
File C:\mypython3\myenv01\Lib\site-packages\django\contrib\sessions\migrations\__init__.py first seen with mtime 1772628518.827857
File C:\mypython3\myenv01\Lib\site-packages\django\contrib\auth\migrations\0007_alter_validators_add_error_messages.py first seen with mtime 1772628517.0755544
File C:\mypython3\myenv01\Lib\site-packages\django\contrib\contenttypes\migrations\__init__.py first seen with mtime 1772628517.3068514
File C:\mypython3\myenv01\Lib\site-packages\django\contrib\auth\migrations\__init__.py first seen with mtime 1772628517.079585
File C:\mypython3\myenv01\Lib\site-packages\django\contrib\admin\migrations\__init__.py first seen with mtime 1772628516.3832407
File C:\mypython3\myenv01\Lib\site-packages\django\contrib\auth\migrations\0011_update_proxy_permissions.py first seen with mtime 1772628517.0785737
File C:\mypython3\myenv01\Lib\site-packages\django\contrib\auth\migrations\0004_alter_user_username_opts.py first seen with mtime 1772628517.073551
File C:\mypython3\myenv01\Lib\site-packages\django\contrib\sessions\middleware.py first seen with mtime 1772628518.6062028
File C:\mypython3\myenv01\Lib\site-packages\django\middleware\clickjacking.py first seen with mtime 1772628519.3737638
File C:\mypython3\myenv01\Lib\site-packages\django\contrib\messages\middleware.py first seen with mtime 1772628518.1779802
File C:\mypython3\myenv01\Lib\site-packages\django\contrib\admin\migrations\0001_initial.py first seen with mtime 1772628516.3818245
File C:\mypython3\myenv01\Lib\site-packages\django\contrib\admin\migrations\0003_logentry_add_action_flag_choices.py first seen with mtime 1772628516.3832407
File C:\mypython3\myenv01\Lib\site-packages\django\contrib\admin\migrations\0002_logentry_remove_auto_add.py first seen with mtime 1772628516.3818245
File C:\mypython3\myenv01\Lib\site-packages\django\contrib\auth\migrations\0005_alter_user_last_login_null.py first seen with mtime 1772628517.0745533
File C:\mypython3\myenv01\Lib\site-packages\django\contrib\auth\middleware.py first seen with mtime 1772628516.8085828
File C:\mypython3\myenv01\Lib\site-packages\django\contrib\sessions\exceptions.py first seen with mtime 1772628518.6062028
File C:\mypython3\myenv01\Lib\site-packages\django\contrib\auth\migrations\0002_alter_permission_name_max_length.py first seen with mtime 1772628517.0725522
File C:\Users\User\AppData\Local\Programs\Python\Python314\Lib\encodings\idna.py first seen with mtime 1770111116.0
File C:\mypython3\myenv01\Lib\site-packages\django\contrib\contenttypes\migrations\0002_remove_content_type_name.py first seen with mtime 1772628517.3068514
File C:\mypython3\myenv01\Lib\site-packages\django\middleware\security.py first seen with mtime 1772628519.3783944
File C:\mypython3\myenv01\Lib\site-packages\django\contrib\auth\migrations\0001_initial.py first seen with mtime 1772628517.0725522
File C:\mypython3\myenv01\Scripts\hello_django\myhello\migrations\__init__.py first seen with mtime 1772631600.8468041
Exception while resolving variable 'name' in template 'unknown'.
Traceback (most recent call last):
  File "C:\mypython3\myenv01\Lib\site-packages\django\core\handlers\exception.py", line 55, in inner
    response = get_response(request)
  File "C:\mypython3\myenv01\Lib\site-packages\django\core\handlers\base.py", line 182, in _get_response
    callback, callback_args, callback_kwargs = self.resolve_request(request)
                                               ~~~~~~~~~~~~~~~~~~~~^^^^^^^^^
  File "C:\mypython3\myenv01\Lib\site-packages\django\core\handlers\base.py", line 314, in resolve_request
    resolver_match = resolver.resolve(request.path_info)
  File "C:\mypython3\myenv01\Lib\site-packages\django\urls\resolvers.py", line 716, in resolve
    raise Resolver404({"tried": tried, "path": new_path})
django.urls.exceptions.Resolver404: {'tried': [[<URLResolver <URLPattern list> (admin:admin) 'admin/'>], [<URLResolver <module 'myhello.urls' from 'C:\\mypython3\\myenv01\\Scripts\\hello_django\\myhello\\urls.py'> (None:None) 'myhello/'>]], 'path': 'myhello'}

During handling of the above exception, another exception occurred:

Traceback (most recent call last):
  File "C:\mypython3\myenv01\Lib\site-packages\django\template\base.py", line 964, in _resolve_lookup
    raise TypeError
TypeError

During handling of the above exception, another exception occurred:

Traceback (most recent call last):
  File "C:\mypython3\myenv01\Lib\site-packages\django\template\base.py", line 976, in _resolve_lookup
    current = getattr(current, bit)
AttributeError: 'URLResolver' object has no attribute 'name'

During handling of the above exception, another exception occurred:

Traceback (most recent call last):
  File "C:\mypython3\myenv01\Lib\site-packages\django\template\base.py", line 982, in _resolve_lookup
    current = current[int(bit)]
                      ~~~^^^^^
ValueError: invalid literal for int() with base 10: 'name'

During handling of the above exception, another exception occurred:

Traceback (most recent call last):
  File "C:\mypython3\myenv01\Lib\site-packages\django\template\base.py", line 989, in _resolve_lookup
    raise VariableDoesNotExist(
    ^^^^^^^^^^^^^^^^^^^^^^^^^^^
    ...<2 lines>...
    )  # missing attribute
    ^
django.template.base.VariableDoesNotExist: Failed lookup for key [name] in <URLResolver <URLPattern list> (admin:admin) 'admin/'>
Exception while resolving variable 'name' in template 'unknown'.
Traceback (most recent call last):
  File "C:\mypython3\myenv01\Lib\site-packages\django\core\handlers\exception.py", line 55, in inner
    response = get_response(request)
  File "C:\mypython3\myenv01\Lib\site-packages\django\core\handlers\base.py", line 182, in _get_response
    callback, callback_args, callback_kwargs = self.resolve_request(request)
                                               ~~~~~~~~~~~~~~~~~~~~^^^^^^^^^
  File "C:\mypython3\myenv01\Lib\site-packages\django\core\handlers\base.py", line 314, in resolve_request
    resolver_match = resolver.resolve(request.path_info)
  File "C:\mypython3\myenv01\Lib\site-packages\django\urls\resolvers.py", line 716, in resolve
    raise Resolver404({"tried": tried, "path": new_path})
django.urls.exceptions.Resolver404: {'tried': [[<URLResolver <URLPattern list> (admin:admin) 'admin/'>], [<URLResolver <module 'myhello.urls' from 'C:\\mypython3\\myenv01\\Scripts\\hello_django\\myhello\\urls.py'> (None:None) 'myhello/'>]], 'path': 'myhello'}

During handling of the above exception, another exception occurred:

Traceback (most recent call last):
  File "C:\mypython3\myenv01\Lib\site-packages\django\template\base.py", line 964, in _resolve_lookup
    raise TypeError
TypeError

During handling of the above exception, another exception occurred:

Traceback (most recent call last):
  File "C:\mypython3\myenv01\Lib\site-packages\django\template\base.py", line 976, in _resolve_lookup
    current = getattr(current, bit)
AttributeError: 'URLResolver' object has no attribute 'name'

During handling of the above exception, another exception occurred:

Traceback (most recent call last):
  File "C:\mypython3\myenv01\Lib\site-packages\django\template\base.py", line 982, in _resolve_lookup
    current = current[int(bit)]
                      ~~~^^^^^
ValueError: invalid literal for int() with base 10: 'name'

During handling of the above exception, another exception occurred:

Traceback (most recent call last):
  File "C:\mypython3\myenv01\Lib\site-packages\django\template\base.py", line 989, in _resolve_lookup
    raise VariableDoesNotExist(
    ^^^^^^^^^^^^^^^^^^^^^^^^^^^
    ...<2 lines>...
    )  # missing attribute
    ^
django.template.base.VariableDoesNotExist: Failed lookup for key [name] in <URLResolver <module 'myhello.urls' from 'C:\\mypython3\\myenv01\\Scripts\\hello_django\\myhello\\urls.py'> (None:None) 'myhello/'>
"GET /myhello HTTP/1.1" 301 0
"GET /myhello/ HTTP/1.1" 200 10
File C:\mypython3\myenv01\Lib\site-packages\django\contrib\sessions\serializers.py first seen with mtime 1772628518.607713
File C:\mypython3\myenv01\Lib\site-packages\django\contrib\messages\storage\fallback.py first seen with mtime 1772628518.18431
File C:\mypython3\myenv01\Lib\site-packages\django\contrib\messages\storage\cookie.py first seen with mtime 1772628518.18431
File C:\Users\User\AppData\Local\Programs\Python\Python314\Lib\encodings\unicode_escape.py first seen with mtime 1770111116.0
File C:\mypython3\myenv01\Lib\site-packages\django\contrib\messages\storage\session.py first seen with mtime 1772628518.1853201
"GET /myhello/?name=2323 HTTP/1.1" 200 11
Exception while resolving variable 'name' in template 'unknown'.
Traceback (most recent call last):
  File "C:\mypython3\myenv01\Lib\site-packages\django\core\handlers\exception.py", line 55, in inner
    response = get_response(request)
  File "C:\mypython3\myenv01\Lib\site-packages\django\core\handlers\base.py", line 182, in _get_response
    callback, callback_args, callback_kwargs = self.resolve_request(request)
                                               ~~~~~~~~~~~~~~~~~~~~^^^^^^^^^
  File "C:\mypython3\myenv01\Lib\site-packages\django\core\handlers\base.py", line 314, in resolve_request
    resolver_match = resolver.resolve(request.path_info)
  File "C:\mypython3\myenv01\Lib\site-packages\django\urls\resolvers.py", line 716, in resolve
    raise Resolver404({"tried": tried, "path": new_path})
django.urls.exceptions.Resolver404: {'tried': [[<URLResolver <URLPattern list> (admin:admin) 'admin/'>], [<URLResolver <module 'myhello.urls' from 'C:\\mypython3\\myenv01\\Scripts\\hello_django\\myhello\\urls.py'> (None:None) 'myhello/'>]], 'path': 'api/hello/'}

During handling of the above exception, another exception occurred:

Traceback (most recent call last):
  File "C:\mypython3\myenv01\Lib\site-packages\django\template\base.py", line 964, in _resolve_lookup
    raise TypeError
TypeError

During handling of the above exception, another exception occurred:

Traceback (most recent call last):
  File "C:\mypython3\myenv01\Lib\site-packages\django\template\base.py", line 976, in _resolve_lookup
    current = getattr(current, bit)
AttributeError: 'URLResolver' object has no attribute 'name'

During handling of the above exception, another exception occurred:

Traceback (most recent call last):
  File "C:\mypython3\myenv01\Lib\site-packages\django\template\base.py", line 982, in _resolve_lookup
    current = current[int(bit)]
                      ~~~^^^^^
ValueError: invalid literal for int() with base 10: 'name'

During handling of the above exception, another exception occurred:

Traceback (most recent call last):
  File "C:\mypython3\myenv01\Lib\site-packages\django\template\base.py", line 989, in _resolve_lookup
    raise VariableDoesNotExist(
    ^^^^^^^^^^^^^^^^^^^^^^^^^^^
    ...<2 lines>...
    )  # missing attribute
    ^
django.template.base.VariableDoesNotExist: Failed lookup for key [name] in <URLResolver <URLPattern list> (admin:admin) 'admin/'>
Exception while resolving variable 'name' in template 'unknown'.
Traceback (most recent call last):
  File "C:\mypython3\myenv01\Lib\site-packages\django\core\handlers\exception.py", line 55, in inner
    response = get_response(request)
  File "C:\mypython3\myenv01\Lib\site-packages\django\core\handlers\base.py", line 182, in _get_response
    callback, callback_args, callback_kwargs = self.resolve_request(request)
                                               ~~~~~~~~~~~~~~~~~~~~^^^^^^^^^
  File "C:\mypython3\myenv01\Lib\site-packages\django\core\handlers\base.py", line 314, in resolve_request
    resolver_match = resolver.resolve(request.path_info)
  File "C:\mypython3\myenv01\Lib\site-packages\django\urls\resolvers.py", line 716, in resolve
    raise Resolver404({"tried": tried, "path": new_path})
django.urls.exceptions.Resolver404: {'tried': [[<URLResolver <URLPattern list> (admin:admin) 'admin/'>], [<URLResolver <module 'myhello.urls' from 'C:\\mypython3\\myenv01\\Scripts\\hello_django\\myhello\\urls.py'> (None:None) 'myhello/'>]], 'path': 'api/hello/'}

During handling of the above exception, another exception occurred:

Traceback (most recent call last):
  File "C:\mypython3\myenv01\Lib\site-packages\django\template\base.py", line 964, in _resolve_lookup
    raise TypeError
TypeError

During handling of the above exception, another exception occurred:

Traceback (most recent call last):
  File "C:\mypython3\myenv01\Lib\site-packages\django\template\base.py", line 976, in _resolve_lookup
    current = getattr(current, bit)
AttributeError: 'URLResolver' object has no attribute 'name'

During handling of the above exception, another exception occurred:

Traceback (most recent call last):
  File "C:\mypython3\myenv01\Lib\site-packages\django\template\base.py", line 982, in _resolve_lookup
    current = current[int(bit)]
                      ~~~^^^^^
ValueError: invalid literal for int() with base 10: 'name'

During handling of the above exception, another exception occurred:

Traceback (most recent call last):
  File "C:\mypython3\myenv01\Lib\site-packages\django\template\base.py", line 989, in _resolve_lookup
    raise VariableDoesNotExist(
    ^^^^^^^^^^^^^^^^^^^^^^^^^^^
    ...<2 lines>...
    )  # missing attribute
    ^
django.template.base.VariableDoesNotExist: Failed lookup for key [name] in <URLResolver <module 'myhello.urls' from 'C:\\mypython3\\myenv01\\Scripts\\hello_django\\myhello\\urls.py'> (None:None) 'myhello/'>
Not Found: /api/hello/
"GET /api/hello/ HTTP/1.1" 404 2362
Exception while resolving variable 'name' in template 'unknown'.
Traceback (most recent call last):
  File "C:\mypython3\myenv01\Lib\site-packages\django\core\handlers\exception.py", line 55, in inner
    response = get_response(request)
  File "C:\mypython3\myenv01\Lib\site-packages\django\core\handlers\base.py", line 182, in _get_response
    callback, callback_args, callback_kwargs = self.resolve_request(request)
                                               ~~~~~~~~~~~~~~~~~~~~^^^^^^^^^
  File "C:\mypython3\myenv01\Lib\site-packages\django\core\handlers\base.py", line 314, in resolve_request
    resolver_match = resolver.resolve(request.path_info)
  File "C:\mypython3\myenv01\Lib\site-packages\django\urls\resolvers.py", line 716, in resolve
    raise Resolver404({"tried": tried, "path": new_path})
django.urls.exceptions.Resolver404: {'tried': [[<URLResolver <URLPattern list> (admin:admin) 'admin/'>], [<URLResolver <module 'myhello.urls' from 'C:\\mypython3\\myenv01\\Scripts\\hello_django\\myhello\\urls.py'> (None:None) 'myhello/'>]], 'path': 'api/hello/'}

During handling of the above exception, another exception occurred:

Traceback (most recent call last):
  File "C:\mypython3\myenv01\Lib\site-packages\django\template\base.py", line 964, in _resolve_lookup
    raise TypeError
TypeError

During handling of the above exception, another exception occurred:

Traceback (most recent call last):
  File "C:\mypython3\myenv01\Lib\site-packages\django\template\base.py", line 976, in _resolve_lookup
    current = getattr(current, bit)
AttributeError: 'URLResolver' object has no attribute 'name'

During handling of the above exception, another exception occurred:

Traceback (most recent call last):
  File "C:\mypython3\myenv01\Lib\site-packages\django\template\base.py", line 982, in _resolve_lookup
    current = current[int(bit)]
                      ~~~^^^^^
ValueError: invalid literal for int() with base 10: 'name'

During handling of the above exception, another exception occurred:

Traceback (most recent call last):
  File "C:\mypython3\myenv01\Lib\site-packages\django\template\base.py", line 989, in _resolve_lookup
    raise VariableDoesNotExist(
    ^^^^^^^^^^^^^^^^^^^^^^^^^^^
    ...<2 lines>...
    )  # missing attribute
    ^
django.template.base.VariableDoesNotExist: Failed lookup for key [name] in <URLResolver <URLPattern list> (admin:admin) 'admin/'>
Exception while resolving variable 'name' in template 'unknown'.
Traceback (most recent call last):
  File "C:\mypython3\myenv01\Lib\site-packages\django\core\handlers\exception.py", line 55, in inner
    response = get_response(request)
  File "C:\mypython3\myenv01\Lib\site-packages\django\core\handlers\base.py", line 182, in _get_response
    callback, callback_args, callback_kwargs = self.resolve_request(request)
                                               ~~~~~~~~~~~~~~~~~~~~^^^^^^^^^
  File "C:\mypython3\myenv01\Lib\site-packages\django\core\handlers\base.py", line 314, in resolve_request
    resolver_match = resolver.resolve(request.path_info)
  File "C:\mypython3\myenv01\Lib\site-packages\django\urls\resolvers.py", line 716, in resolve
    raise Resolver404({"tried": tried, "path": new_path})
django.urls.exceptions.Resolver404: {'tried': [[<URLResolver <URLPattern list> (admin:admin) 'admin/'>], [<URLResolver <module 'myhello.urls' from 'C:\\mypython3\\myenv01\\Scripts\\hello_django\\myhello\\urls.py'> (None:None) 'myhello/'>]], 'path': 'api/hello/'}

During handling of the above exception, another exception occurred:

Traceback (most recent call last):
  File "C:\mypython3\myenv01\Lib\site-packages\django\template\base.py", line 964, in _resolve_lookup
    raise TypeError
TypeError

During handling of the above exception, another exception occurred:

Traceback (most recent call last):
  File "C:\mypython3\myenv01\Lib\site-packages\django\template\base.py", line 976, in _resolve_lookup
    current = getattr(current, bit)
AttributeError: 'URLResolver' object has no attribute 'name'

During handling of the above exception, another exception occurred:

Traceback (most recent call last):
  File "C:\mypython3\myenv01\Lib\site-packages\django\template\base.py", line 982, in _resolve_lookup
    current = current[int(bit)]
                      ~~~^^^^^
ValueError: invalid literal for int() with base 10: 'name'

During handling of the above exception, another exception occurred:

Traceback (most recent call last):
  File "C:\mypython3\myenv01\Lib\site-packages\django\template\base.py", line 989, in _resolve_lookup
    raise VariableDoesNotExist(
    ^^^^^^^^^^^^^^^^^^^^^^^^^^^
    ...<2 lines>...
    )  # missing attribute
    ^
django.template.base.VariableDoesNotExist: Failed lookup for key [name] in <URLResolver <module 'myhello.urls' from 'C:\\mypython3\\myenv01\\Scripts\\hello_django\\myhello\\urls.py'> (None:None) 'myhello/'>
Not Found: /api/hello/
"GET /api/hello/ HTTP/1.1" 404 2362
"GET /myhello/ HTTP/1.1" 200 10
